[debug] [2022-11-10T17:16:29.625Z] ----------------------------------------------------------------------
[debug] [2022-11-10T17:16:29.626Z] Command:       /opt/homebrew/Cellar/node/18.11.0/bin/node /opt/homebrew/bin/firebase init
[debug] [2022-11-10T17:16:29.626Z] CLI Version:   11.16.0
[debug] [2022-11-10T17:16:29.626Z] Platform:      darwin
[debug] [2022-11-10T17:16:29.626Z] Node Version:  v18.11.0
[debug] [2022-11-10T17:16:29.630Z] Time:          Thu Nov 10 2022 22:46:29 GMT+0530 (India Standard Time)
[debug] [2022-11-10T17:16:29.630Z] ----------------------------------------------------------------------
[debug] 
[debug] [2022-11-10T17:16:29.632Z] > command requires scopes: ["email","openid","https://www.googleapis.com/auth/cloudplatformprojects.readonly","https://www.googleapis.com/auth/firebase","https://www.googleapis.com/auth/cloud-platform"]
[debug] [2022-11-10T17:16:29.632Z] > authorizing via signed-in user (panasalauttam@gmail.com)
[info] 
     ######## #### ########  ######## ########     ###     ######  ########
     ##        ##  ##     ## ##       ##     ##  ##   ##  ##       ##
     ######    ##  ########  ######   ########  #########  ######  ######
     ##        ##  ##    ##  ##       ##     ## ##     ##       ## ##
     ##       #### ##     ## ######## ########  ##     ##  ######  ########

You're about to initialize a Firebase project in this directory:

  /Users/uttamkumarpanasala/codementor/spring-boot-project/angularshop

[info] 
=== Project Setup
[info] 
[info] First, let's associate this project directory with a Firebase project.
[info] You can create multiple project aliases by running firebase use --add, 
[info] but for now we'll just set up a default project.
[info] 
[debug] [2022-11-10T17:22:13.146Z] >>> [apiv2][query] GET https://firebase.googleapis.com/v1beta1/projects pageSize=100
[debug] [2022-11-10T17:22:21.050Z] <<< [apiv2][status] GET https://firebase.googleapis.com/v1beta1/projects 200
[debug] [2022-11-10T17:22:21.051Z] <<< [apiv2][body] GET https://firebase.googleapis.com/v1beta1/projects [omitted]
[info] i  Using project merakigoandart (merakigoandart) 
[info] 
=== Hosting Setup
[info] 
[info] Your public directory is the folder (relative to your project directory) that
[info] will contain Hosting assets to be uploaded with firebase deploy. If you
[info] have a build process for your assets, use your build's output directory.
[info] 
[debug] [2022-11-10T17:22:50.384Z] >>> [apiv2][query] GET https://www.gstatic.com/firebasejs/releases.json [none]
[debug] [2022-11-10T17:22:50.569Z] <<< [apiv2][status] GET https://www.gstatic.com/firebasejs/releases.json 200
[debug] [2022-11-10T17:22:50.570Z] <<< [apiv2][body] GET https://www.gstatic.com/firebasejs/releases.json {"current":{"version":"9.13.0","browserURL":"https://www.gstatic.com/firebasejs/9.13.0/firebase.js","packageURL":"https://www.gstatic.com/firebasejs/9.13.0/firebase.tgz"},"live":{"version":"9.13","browserURL":"https://www.gstatic.com/firebasejs/live/9.13/firebase.js","packageURL":"https://www.gstatic.com/firebasejs/live/9.13/firebase.tgz"},"components":{"analytics":"https://www.gstatic.com/firebasejs/9.13.0/firebase-analytics.js","app":"https://www.gstatic.com/firebasejs/9.13.0/firebase-app.js","app-check":"https://www.gstatic.com/firebasejs/9.13.0/firebase-app-check.js","auth":"https://www.gstatic.com/firebasejs/9.13.0/firebase-auth.js","auth/cordova":"https://www.gstatic.com/firebasejs/9.13.0/firebase-auth/cordova.js","auth/react-native":"https://www.gstatic.com/firebasejs/9.13.0/firebase-auth/react-native.js","functions":"https://www.gstatic.com/firebasejs/9.13.0/firebase-functions.js","firestore":"https://www.gstatic.com/firebasejs/9.13.0/firebase-firestore.js","firestore/lite":"https://www.gstatic.com/firebasejs/9.13.0/firebase-firestore/lite.js","installations":"https://www.gstatic.com/firebasejs/9.13.0/firebase-installations.js","storage":"https://www.gstatic.com/firebasejs/9.13.0/firebase-storage.js","performance":"https://www.gstatic.com/firebasejs/9.13.0/firebase-performance.js","remote-config":"https://www.gstatic.com/firebasejs/9.13.0/firebase-remote-config.js","messaging":"https://www.gstatic.com/firebasejs/9.13.0/firebase-messaging.js","messaging/sw":"https://www.gstatic.com/firebasejs/9.13.0/firebase-messaging/sw.js","database":"https://www.gstatic.com/firebasejs/9.13.0/firebase-database.js","firestore.memory":"https://www.gstatic.com/firebasejs/9.13.0/firebase-firestore.memory.js"}}
[info] ✔  Wrote public/index.html 
[info] 
[info] i  Detected a .git folder at /Users/uttamkumarpanasala/codementor/spring-boot-project/angularshop 
[info] i  Authorizing with GitHub to upload your service account to a GitHub repository's secrets store. 
[info] 
[info] Visit this URL on this device to log in:
[info] https://github.com/login/oauth/authorize?client_id=89cf50f02ac6aaed3484&state=711078275&redirect_uri=http%3A%2F%2Flocalhost%3A9005&scope=read%3Auser%20repo%20public_repo
[info] 
[info] Waiting for authentication...
[debug] [2022-11-10T17:23:06.462Z] >>> [apiv2][query] POST https://github.com/login/oauth/access_token [none]
[debug] [2022-11-10T17:23:06.463Z] >>> [apiv2][body] POST https://github.com/login/oauth/access_token [stream]
[debug] [2022-11-10T17:23:06.931Z] <<< [apiv2][status] POST https://github.com/login/oauth/access_token 200
[debug] [2022-11-10T17:23:06.931Z] <<< [apiv2][body] POST https://github.com/login/oauth/access_token {"access_token":"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","token_type":"bearer","scope":"read:user,repo"}
[debug] [2022-11-10T17:23:06.951Z] >>> [apiv2][query] GET https://api.github.com/user [none]
[debug] [2022-11-10T17:23:07.534Z] <<< [apiv2][status] GET https://api.github.com/user 200
[debug] [2022-11-10T17:23:07.534Z] <<< [apiv2][body] GET https://api.github.com/user {"login":"uttam-in","id":15775861,"node_id":"MDQ6VXNlcjE1Nzc1ODYx","avatar_url":"https://avatars.githubusercontent.com/u/15775861?v=4","gravatar_id":"","url":"https://api.github.com/users/uttam-in","html_url":"https://github.com/uttam-in","followers_url":"https://api.github.com/users/uttam-in/followers","following_url":"https://api.github.com/users/uttam-in/following{/other_user}","gists_url":"https://api.github.com/users/uttam-in/gists{/gist_id}","starred_url":"https://api.github.com/users/uttam-in/starred{/owner}{/repo}","subscriptions_url":"https://api.github.com/users/uttam-in/subscriptions","organizations_url":"https://api.github.com/users/uttam-in/orgs","repos_url":"https://api.github.com/users/uttam-in/repos","events_url":"https://api.github.com/users/uttam-in/events{/privacy}","received_events_url":"https://api.github.com/users/uttam-in/received_events","type":"User","site_admin":false,"name":"Uttam Kumar P","company":"MoEVing","blog":"","location":"Banglore","email":"panasalauttam@gmail.com","hireable":true,"bio":"Ninja Developer","twitter_username":null,"public_repos":22,"public_gists":0,"followers":3,"following":5,"created_at":"2015-11-10T10:18:54Z","updated_at":"2022-11-10T17:23:01Z","private_gists":0,"total_private_repos":0,"owned_private_repos":0,"disk_usage":16498,"collaborators":0,"two_factor_authentication":false,"plan":{"name":"free","space":976562499,"collaborators":0,"private_repos":10000}}
[info] 
[info] ✔  Success! Logged into GitHub as uttam-in 
[info] 
[debug] [2022-11-10T17:23:29.129Z] >>> [apiv2][query] GET https://api.github.com/repos//actions/secrets/public-key type=owner
[debug] [2022-11-10T17:23:29.538Z] <<< [apiv2][status] GET https://api.github.com/repos//actions/secrets/public-key 404
[debug] [2022-11-10T17:23:29.538Z] <<< [apiv2][body] GET https://api.github.com/repos//actions/secrets/public-key {"message":"Not Found","documentation_url":"https://docs.github.com/rest"}
[debug] [2022-11-10T17:23:30.237Z] >>> [apiv2][query] GET https://api.github.com/repos//actions/secrets/public-key type=owner
[debug] [2022-11-10T17:23:31.387Z] <<< [apiv2][status] GET https://api.github.com/repos//actions/secrets/public-key 404
[debug] [2022-11-10T17:23:31.388Z] <<< [apiv2][body] GET https://api.github.com/repos//actions/secrets/public-key {"message":"Not Found","documentation_url":"https://docs.github.com/rest"}
[debug] [2022-11-10T17:23:32.186Z] >>> [apiv2][query] GET https://api.github.com/repos//actions/secrets/public-key type=owner
[debug] [2022-11-10T17:23:33.205Z] <<< [apiv2][status] GET https://api.github.com/repos//actions/secrets/public-key 404
[debug] [2022-11-10T17:23:33.205Z] <<< [apiv2][body] GET https://api.github.com/repos//actions/secrets/public-key {"message":"Not Found","documentation_url":"https://docs.github.com/rest"}
[debug] [2022-11-10T17:26:24.189Z] >>> [apiv2][query] GET https://api.github.com/repos/repository/actions/secrets/public-key type=owner
[debug] [2022-11-10T17:26:27.743Z] <<< [apiv2][status] GET https://api.github.com/repos/repository/actions/secrets/public-key 404
[debug] [2022-11-10T17:26:27.743Z] <<< [apiv2][body] GET https://api.github.com/repos/repository/actions/secrets/public-key {"message":"Not Found","documentation_url":"https://docs.github.com/rest"}
